<?xml version="1.0" encoding="UTF-8"?>
<!-- Generated by org.testng.reporters.JUnitReportReporter -->
<testsuite hostname="Rohit" failures="0" tests="3" name="pack1.VerifyaddTocart" time="2.324" errors="0" timestamp="2022-08-07T12:38:07 IST" skipped="0">
  <testcase classname="pack1.VerifyaddTocart" name="D" time="1.019"/>
  <system-out/>
  <testcase classname="pack1.VerifyaddTocart" name="E" time="0.500"/>
  <system-out/>
  <testcase classname="pack1.VerifyaddTocart" name="F" time="0.805"/>
  <system-out/>
</testsuite> <!-- pack1.VerifyaddTocart -->
